1680291706
1680293905
1680293905
1680293906
1680293907
1680293907
1680293908
1680293909
1680293909
1680293910
1680293911
1680293912
1680293912
1680293913
1680293914
1680293914
1680293915
1680293916
1680293916
1680293917
1680293918
1680293918
1680293919
1680293920
1680293920
1680293921
1680293922
1680293922
1680293923
1680293924
1680293924
1680293925
1680293926
1680293926
1680293927
1680293928
1680293929
1680293929
1680293930
1680293931
1680293931
1680293932
1680293933
1680293933
1680293934
1680293935
1680293935
1680293936
1680293937
1680293937
1680293938
1680293939
1680293939
1680293940
1680293941
1680293941
1680293942
1680293943
1680293943
1680293944
1680293945
1680293945
1680293946
1680293947
1680293947
1680293948
1680293949
1680293949
1680293950
1680293951
1680293951
1680293952
1680293953
1680293955
1680293957
1680293958
1680293960
1680293962
1680293963
1680293965
1680293967
1680293967
1680293968
1680293969
1680293969
1680293970
1680293971
1680293971
1680293972
1680293973
1680293974
1680293974
1680293975
1680293976
1680293976
1680293977
1680293978
1680293978
1680293979
1680293980
1680293980
1680293981
1680293982
1680293982
1680293983
1680293984
1680293984
1680293985
1680293986
1680293986
1680293987
1680293988
1680293989
1680293989
1680293990
1680293991
1680293991
1680293992
1680293993
1680293993
1680293994
1680293995
1680293995
1680293996
1680293997
1680293997
1680293998
1680293999
1680293999
1680294000
1680294001
1680294001
1680294002
1680294003
1680294004
1680294004
1680294005
1680294006
1680294006
1680294007
1680294008
1680294008
1680294009
1680294010
1680294010
1680294011
1680294012
1680294012
1680294013
1680294014
1680294014
1680294015
1680294016
1680294016
1680294017
1680294018
1680294018
1680294019
1680294020
1680294020
1680294021
1680294022
1680294023
1680294023
1680294024
1680294025
1680294025
1680294026
1680294027
1680294027
1680294028
1680294029
1680294030
1680294031
1680294031
1680294032
1680294033
1680294033
1680294034
1680294035
1680294035
1680294036
1680294037
1680294037
1680294038
1680294039
1680294039
1680294040
1680294041
1680294041
1680294042
1680294043
1680294043
1680294044
1680294045
1680294045
1680294046
1680294047
1680294047
1680294048
1680294049
1680294049
1680294050
1680294051
1680294052
1680294052
1680294053
1680294054
1680294054
1680294055
1680294056
1680294056
1680294057
1680294058
1680294058
1680294059
1680294060
1680294060
1680294061
1680294062
1680294062
1680294063
1680294064
1680294064
1680294065
1680294066
1680294067
1680294067
1680294068
1680294069
1680294069
1680294070
1680294071
1680294071
1680294072
1680294073
1680294073
1680294074
1680294075
1680294076
1680294076
1680294077
1680294078
1680294078
1680294079
1680294080
1680294080
1680294081
1680294082
1680294083
1680294083
1680294084
1680294085
1680294085
1680294086
1680294087
1680294088
1680294088
1680294089
1680294090
1680294090
1680294091
1680294092
1680294092
1680294093
1680294094
1680294094
1680294095
1680294096
1680294098
1680294099
1680294100
1680294101
1680294101
1680294102
1680294103
1680294103
1680294104
1680294105
1680294105
1680294106
1680294107
1680294108
1680294108
1680294109
1680294110
1680294111
1680294111
1680294112
1680294113
1680294113
1680294114
1680294115
1680294115
1680294116
1680294117
1680294118
1680294118
1680294119
1680294120
1680294120
1680294121
1680294122
1680294122
1680294123
1680294124
1680294124
1680294125
1680294126
1680294126
1680294127
1680294128
1680294128
1680294129
1680294130
1680294131
1680294131
1680294132
1680294133
1680294133
1680294134
1680294135
1680294135
1680294136
1680294137
1680294137
1680294138
1680294139
1680294139
1680294140
1680294141
1680294142
1680294142
1680294143
1680294144
1680294144
1680294145
1680294146
1680294146
1680294147
1680294148
1680294149
1680294150
1680294150
1680294151
1680294152
1680294152
1680294153
1680294154
1680294154
1680294155
1680294156
1680294157
1680294158
1680294159
1680294160
1680294160
1680294161
1680294162
1680294162
1680294164
1680294165
1680294166
1680294167
1680294168
1680294169
1680294170
1680294172
1680294173
1680294174
1680294175
1680294176
1680294177
1680294178
1680294179
1680294180
1680294181
1680294182
1680294184
1680294185
1680294186
1680294188
1680294189
1680294190
1680294191
1680294193
1680294193
1680294194
1680294195
1680294200
1680294201
1680294201
1680294202
1680294203
1680294203
1680294204
1680294205
1680294205
1680294206
1680294207
1680294208
1680294208
1680294209
1680294210
1680294210
1680294211
1680294212
1680294212
1680294213
1680294214
1680294214
1680294215
1680294216
1680294217
1680294217
1680294218
1680294219
1680294219
1680294220
1680294221
1680294221
1680294222
1680294223
1680294224
1680294224
1680294225
1680294226
1680294226
1680294227
1680294228
1680294228
1680294229
1680294230
1680294231
1680294231
1680294232
1680294233
1680294234
1680294234
1680294235
1680294236
1680294237
1680294237
1680294238
1680294239
1680294239
1680294240
1680294241
1680294241
1680294242
1680294243
1680294243
1680294244
1680294245
1680294246
1680294246
1680294247
1680294248
1680294248
1680294249
1680294250
1680294250
1680294251
1680294252
1680294253
1680294253
1680294254
1680294255
1680294255
1680294256
1680294257
1680294257
1680294258
1680294259
1680294260
1680294260
1680294261
1680294262
1680294263
1680294263
1680294264
1680294265
1680294265
1680294266
1680294267
1680294267
1680294268
1680294269
1680294269
1680294270
1680294271
1680294271
1680294272
1680294273
1680294273
1680294274
1680294275
1680294275
1680294276
1680294277
1680294277
1680294278
1680294279
1680294279
1680294280
1680294281
1680294281
1680294282
1680294283
1680294283
1680294284
1680294285
1680294285
1680294286
1680294286
1680294287
1680294288
1680294288
1680294289
1680294290
1680294291
1680294291
1680294292
1680294293
1680294293
1680294294
1680294295
1680294295
1680294296
1680294297
1680294297
1680294298
1680294299
1680294299
1680294300
1680294300
1680294302
1680294302
1680294303
1680294304
1680294304
1680294305
1680294306
1680294306
1680294307
1680294308
1680294308
1680294309
1680294310
1680294310
1680294311
1680294312
1680294312
1680294313
1680294314
1680294314
1680294315
1680294316
1680294316
1680294317
1680294318
1680294318
1680294319
1680294320
1680294320
1680294321
1680294322
1680294322
1680294323
1680294324
1680294324
1680294325
1680294325
1680294326
1680294327
1680294327
1680294328
1680294329
1680294329
1680294330
1680294331
1680294331
1680294332
1680294333
1680294333
1680294334
1680294335
1680294335
1680294336
1680294337
1680294337
1680294338
1680294339
1680294339
1680294340
1680294340
1680294341
1680294342
1680294342
1680294343
1680294344
1680294344
1680294345
1680294346
1680294346
1680294347
1680294348
1680294348
1680294349
1680294350
1680294350
1680294351
1680294353
1680294354
1680294355
1680294356
1680294357
1680294358
1680294359
1680294360
1680294361
1680294362
1680294363
1680294364
1680294365
1680294366
1680294367
1680294368
1680294369
1680294369
1680294370
1680294372
1680294373
1680294374
1680294375
1680294376
1680294377
1680294378
1680294378
1680294379
1680294381
1680294381
1680294383
1680294384
1680294384
1680294385
1680294386
1680294387
1680294388
1680294389
1680294390
1680294391
1680294392
1680294393
1680294394
1680294395
1680294396
1680294397
1680294398
1680294399
1680294400
1680294400
1680294401
1680294402
1680294402
1680294404
1680294405
1680294405
1680294406
1680294407
1680294407
1680294408
1680294409
1680294409
1680294410
1680294411
1680294412
1680294412
1680294413
1680294414
1680294414
1680294415
1680294416
1680294416
1680294418
1680294418
1680294419
1680294420
1680294420
1680294421
1680294422
1680294422
1680294423
1680294424
1680294425
1680294427
1680294427
1680294428
1680294430
1680294431
1680294432
1680294433
1680294434
1680294435
1680294436
1680294437
1680294438
1680294439
1680294440
1680294441
1680294442
1680294443
1680294445
1680294445
1680294446
1680294447
1680294448
1680294449
1680294450
1680294451
1680294452
1680294453
1680294454
1680294454
1680294455
1680294456
1680294456
1680294457
1680294458
1680294459
1680294459
1680294460
1680294461
1680294461
1680294462
1680294463
1680294463
1680294464
1680294465
1680294465
1680294466
1680294467
1680294467
1680294468
1680294469
1680294469
1680294470
1680294471
1680294471
1680294472
1680294473
1680294474
1680294474
1680294475
1680294476
1680294476
1680294477
1680294478
1680294479
1680294480
1680294481
1680294482
1680294482
1680294483
1680294484
1680294484
1680294485
1680294486
1680294486
1680294487
1680294488
1680294489
1680294489
1680294490
1680294491
1680294491
1680294492
1680294493
1680294493
1680294494
1680294495
1680294495
1680294496
1680294497
1680294497
1680294498
1680294499
1680294499
1680294500
1680294501
1680294502
1680294502
1680294503
1680294504
1680294504
1680294505
1680294506
1680294506
1680294507
1680294508
1680294508
1680294509
1680294510
1680294511
1680294512
1680294512
1680294513
1680294514
1680294514
1680294515
1680294516
1680294516
1680294517
1680294518
1680294518
1680294519
1680294520
1680294520
1680294521
1680294522
1680294522
1680294523
1680294524
1680294524
1680294525
1680294526
1680294526
1680294527
1680294528
1680294528
1680294529
1680294530
1680294530
1680294531
1680294532
1680294532
1680294533
1680294534
1680294534
1680294535
1680294536
1680294537
1680294538
1680294539
1680294540
1680294541
1680294542
1680294543
1680294545
1680294546
1680294547
1680294548
1680294549
1680294550
1680294550
1680294551
1680294552
1680294554
1680294555
1680294556
1680294557
1680294558
1680294559
1680294560
1680294561
1680294562
1680294562
1680294563
1680294564
1680294566
1680294567
1680294568
1680294568
1680294569
1680294570
1680294570
1680294571
1680294572
1680294572
1680294573
1680294574
1680294574
1680294575
1680294576
1680294577
1680294577
1680294578
1680294579
1680294579
1680294580
1680294581
1680294581
1680294582
1680294583
1680294583
1680294584
1680294585
1680294585
1680294586
1680294587
1680294588
1680294588
1680294589
1680294590
1680294590
1680294591
1680294592
1680294592
1680294593
1680294594
1680294594
1680294595
1680294596
1680294596
1680294597
1680294598
1680294599
1680294599
1680294600
1680294601
1680294601
1680294602
1680294603
1680294603
1680294604
1680294605
1680294605
1680294606
1680294607
1680294607
1680294608
1680294609
1680294609
1680294610
1680294611
1680294611
1680294612
1680294613
1680294613
1680294614
1680294615
1680294615
1680294616
1680294617
1680294618
1680294618
1680294619
1680294620
1680294620
1680294621
1680294622
1680294622
1680294623
1680294624
1680294624
1680294625
1680294626
1680294626
1680294627
1680294627
1680294628
1680294629
1680294629
1680294630
1680294631
1680294631
1680294632
1680294633
1680294633
1680294634
1680294635
1680294635
1680294636
1680294637
1680294637
1680294638
1680294639
1680294639
1680294640
1680294641
1680294641
1680294642
1680294643
1680294643
1680294644
1680294645
1680294645
1680294646
1680294647
1680294647
1680294648
1680294648
1680294649
1680294650
1680294651
1680294651
1680294652
1680294652
1680294653
1680294654
1680294654
1680294655
1680294656
1680294656
1680294657
1680294658
1680294658
1680294660
1680294660
1680294661
1680294662
1680294662
1680294663
1680294664
1680294664
1680294665
1680294665
1680294666
1680294667
1680294667
1680294668
1680294669
1680294669
1680294670
1680294671
1680294671
1680294672
1680294673
1680294673
1680294674
1680294675
1680294675
1680294676
1680294677
1680294677
1680294678
1680294679
1680294679
1680294680
1680294680
1680294681
1680294682
1680294682
1680294683
1680294683
1680294684
1680294685
1680294685
1680294686
1680294687
1680294687
1680294688
1680294689
1680294689
1680294690
1680294691
1680294691
1680294692
1680294693
1680294693
1680294694
1680294694
