0.2729131910000433
0.131189761999849
0.1557462669989036
0.134913341000356
0.13688623099915276
0.13103596799919615
0.16599639900050533
0.15049490599994897
0.13727544899848
0.1380126099993504
0.14178146499943978
0.13944454100055736
0.137116302999857
0.1416230410013668
0.15769791599996097
0.13396334899880458
0.1345623439992778
0.13188773799993214
0.14013081300072372
0.1325824539999303
0.13588505500047177
0.12503376200038474
0.1410702860011952
0.13234095600091678
0.1330945050012815
0.13735417099996994
0.1520959289991879
0.1294640750002145
0.13902197199968214
0.130404584999269
0.14806294800109754
0.1320474589992955
0.13066841599902546
0.13190109099923575
0.14793111499966471
0.1348759720003727
0.12972381400140875
0.1340850340002362
0.1500083189985162
0.12778820100174926
0.13915098899997247
0.14949228600016795
0.14774865400067938
0.13545844799955375
0.1504346860001533
0.14284432700151228
0.16447365400017588
0.1418935390011029
0.13854916099990078
0.1848064929999964
0.14054240400037088
0.16936125900065235
0.1366533079999499
0.21024832299917762
0.2224296050007979
0.20548103199871548
0.3048369299995102
0.14672014500138175
0.13979074400049285
0.13224753299982694
0.13657675400099833
0.13675573300133692
0.21251304399993387
0.2465525579991663
0.3797765999988769
0.20710914799929014
0.23449096100011957
0.8023007499996311
0.21777598000153375
0.18169942900021852
0.17875908399946638
0.15201726499981305
0.16200904700053798
0.1903607780004677
0.1709910609988583
0.13298860100076126
0.12843054899894923
0.12962337199860485
0.1652893150003365
0.21516685499955202
0.16233471099985763
0.22407196200038015
0.21414040199852025
0.23334415699901
0.2489871489997313
0.1906453129995498
0.24971893899964925
0.21337139000024763
0.21267835999969975
0.9971868820011878
0.3001283819994569
0.2165907509988756
0.1816451530012273
0.15975308599990967
0.1932695129999047
0.23940286400102195
0.23065457099983178
0.16820453100081068
0.19653163200018753
0.18100434400002996
0.2313920649994543
0.2647078440004407
0.19461281599978975
0.17194379400098114
0.1639939950000553
0.16356370200082893
0.17759196699989843
0.18607244699887815
0.16472108100060723
0.19373336100034066
0.1470255519998318
0.14905190500030585
0.20589732699954766
0.18878218200006813
0.27553160099887464
0.18850598199969681
0.20349616400017112
0.17740980200142076
0.3216981929999747
0.20825349299957452
0.5452924210003403
0.2187592329992185
0.23533090199998696
0.20812612400004582
0.20008723200044187
0.2515296279998438
0.2133085959994787
0.23727703300028224
0.2803853370005527
0.19380728699979954
0.26811944600012794
0.27350249100163637
0.28865233800024725
0.32895666700096626
0.20563549700091244
0.2761923559992283
0.27649720999943384
0.19863262500075507
0.16346003699982248
0.23252541999863752
0.18146732000059274
0.17999743399923318
0.17459030100144446
0.19817873199826863
0.18420151099962823
0.1931164309989981
0.17138001500097744
0.17451204899953154
0.16055782600051316
0.1552624529995228
0.24232299299910665
0.1997253700010333
0.20859977399959462
0.18391882200012333
0.19044260800001211
0.20771273399986967
0.997897326000384
0.18146756299938716
0.2802766389995668
0.582497092000267
0.5423253830012982
0.20395737000035297
0.19688661100008176
0.22407768399898487
0.16112261899979785
0.1567471199996362
0.17118341499917733
0.14450711499921454
0.21735318500032008
0.7717349649992684
0.2028843030002463
0.21005447000061395
0.1261680619991239
0.18345589300042775
0.21501807700042264
0.24659577999955218
0.18957237500035262
0.26703994600029546
0.2055342620005831
0.16854448300000513
0.20691289500064158
0.2180373259998305
0.16134509699986666
0.1708321240002988
0.1962336120013788
0.19522390400015865
0.17755085599856102
0.1840031989995623
0.21434025400048995
0.25682148600026267
0.23081522999927984
0.25652077099948656
0.27236617999915325
0.17573500199978298
0.18838115600010497
0.21733949099871097
0.2692905490002886
0.3182493309996062
0.17922235400146747
0.22659702800046944
0.266432705000625
0.2428433609984495
0.24039717100095004
0.35099902500041935
0.2217640439994284
0.18993267299993022
0.23490756499995769
0.25176992599881487
0.292034545000206
0.2283542999994097
0.2287876669997786
0.22509086500031117
0.2563744149992999
0.27215853099914966
0.22141871199892194
0.25883173999864084
0.2358930699992925
0.2627366199994867
0.24182155299968144
0.21755700999892724
0.3220060439998633
0.22753062800074986
0.24076853600126924
0.216757043999678
0.2420187640000222
0.29682731600041734
0.19362706200081448
0.2253814039995632
0.23632348999854003
0.2233638030011207
0.22656833799919696
0.31128683099996124
0.24214077500073472
0.24081812599979457
0.28218875600032334
0.20250946099986322
0.2710439550010051
0.2435015419996489
0.22269837800013192
0.23203520700008085
0.25220780900053796
0.209155718999682
0.23948995300088427
0.4166566119984054
0.2149842440012435
0.8864092040003015
0.21445864199995412
0.24358652099908795
0.21673363400077506
0.24641206299929763
0.2714191420000134
0.2470725389994186
0.20331004699983168
0.4874532220001129
0.20395248600107152
0.25381960900085687
0.22068096600014542
0.2191646369992668
0.23053229300057865
0.22222163900005398
0.2483947229993646
0.2314847670004383
0.2484203919993888
0.29112003299997014
0.2385822209998878
0.28907967300074233
0.2501310250008828
0.2624367460011854
0.22030160000031174
0.24673357199935708
0.22704118600086076
0.2828175939994253
0.2590876840004057
0.2267600830000447
0.23324817100001383
0.3075552219997917
0.18101851900064503
0.20006417500007956
0.23272349699982442
0.2204237229998398
0.21950431000004755
0.2484412350004277
0.23093659799997113
0.269433740999375
0.2940149049991305
0.2853542720004043
0.2331886880001548
0.26165863899950637
0.21184693299983337
0.2181117100008123
0.20656861099996604
1.1649881360008294
0.22140771100021084
0.2622512150010152
0.223230079998757
0.2587827789993753
0.23812455000006594
0.19236162599918316
0.2474750679994031
0.2331011700007366
0.2636089120005636
0.23025635600060923
0.20675556700007292
0.22868702500090876
0.2801091439996526
0.227668151999751
0.273577801999636
0.26760568999998213
0.257615848999194
0.22018524800114392
0.1857447210004466
0.19432572899859224
0.1994033720002335
0.2164250939986232
0.25401555000098597
0.24740657399888732
0.2072328379999817
0.27115631100059545
0.2035616810007923
0.2076833910014102
0.23689052299960167
0.26112695499978145
0.2849315410003328
0.2604093179998017
0.19298838800023077
0.253395220001039
0.23236617600014142
0.2781118519997108
0.28018577299917524
0.2727280859999155
0.28812047700012045
0.20943419800096308
0.22188245700090192
0.23125225299918384
0.3009031630008394
0.3263549900002545
0.24147333899963996
0.23586607399920467
0.24729340100020636
0.2233357619988965
0.266174307998881
0.2306222519982839
0.41773733800073387
0.29787882400160015
0.2424129669998365
0.1781436589990335
0.2660210959984397
0.25475154600098904
0.238551037000434
0.19578547099990828
0.22410211699934734
0.21367427999939537
0.27251730500029225
0.293156376999832
0.26941106699996453
0.5326741930002754
1.359726380000211
0.39838278999923205
0.43412976000035997
0.497287405998577
0.1820849809992069
0.5042666089993872
0.22364684599961038
0.4082828390000941
0.4030129210004816
0.46943186499993317
0.34310983499926806
0.47748259200125176
0.6519492660008837
0.3728708070011635
0.45748781700058316
0.5041354959994351
0.4269176449997758
0.38507893300084106
0.3984593909990508
0.4488645820001693
0.466095679999853
0.1929352450006263
0.20781997999984014
0.27184395500080427
0.2061304660001042
0.18339845400078048
0.2416262580009061
0.2407346760010114
0.21497938500033342
0.21033473600073194
0.3101696310004627
0.22839021399886406
0.19364498899994942
0.3043140179997863
0.2558189160008624
0.2234478680002212
0.2848189519991138
0.24882174099911936
0.21832839300077467
0.2293136179996509
0.22869171899947105
0.20588916899941978
0.21371969000028912
0.2422219349991792
0.21992595399933634
0.24626187200010463
0.22991350700067414
0.2588484130010329
0.24518216499927803
0.535619255999336
0.7248393910012965
0.4769052929987083
0.4458328030013945
0.4438551790008205
0.42773701599980996
0.5156135429988353
0.31624099100008607
0.44681058199967083
0.45682224799929827
0.31112533200030157
0.47701281599984213
0.36680256700128666
0.6150362940006744
0.4075996960000339
0.36353096200036816
0.46755586600011156
0.3807826030006254
0.41107947999989847
0.39790050400006294
0.19656945600036124
0.21914101299989852
0.28809681900020223
0.24743578499874275
0.27064033600072435
0.2231823969996185
0.2591915049997624
0.2948340080001799
0.2233321759995306
0.2667404969997733
0.28808251400005247
0.2920506549999118
0.22002282900029968
0.2522925169996597
0.2204755099992326
0.25599086600050214
0.2300956059989403
0.24354363900056342
0.22635091000120156
0.22366747699925327
0.28040748300009
0.9271119240002008
0.26303181299954304
0.27134583099905285
0.20172488000025623
0.25650418599980185
0.2296114540004055
0.2755337319995306
0.3029093679997459
0.25158539400035806
0.21664112399957958
0.2167947899997671
0.21842610599924228
0.39032016599958297
0.23158410700125387
0.23404939600004582
0.25393117199928383
0.23461789099928865
0.23519740300071135
0.21357588899991242
0.2916435099996306
0.28959495999879437
0.23438995299875387
0.23156154100070125
0.2404584050000267
0.25905501199849823
0.44018873700042604
0.5238686679986131
0.2587475379987154
0.27971009999964735
0.2787065940010507
0.20992864500112773
0.24214641400067194
0.2943537369992555
0.23988695999832998
0.20406282499970985
0.2749223280006845
0.2160935800002335
0.2614994249997835
0.2760531890016864
0.23201529400103027
0.21391453300020657
0.22429191800074477
0.21983830200042576
0.24655746800090128
0.3076251200000115
0.24933082699863007
0.25407775600069726
0.21260525700017752
0.2726601429985749
0.3454069819999859
0.24515395300113596
0.23997893699925044
0.21466883100038103
0.24534210100136988
0.3128219069985789
0.23209567600133596
0.20018177299971285
0.25658516399926157
0.22815392600023188
0.20891280700016068
0.529842929001461
0.24378616299873102
0.23321742900043319
0.28552538700023433
0.1931321529991692
0.21675102200060792
0.2730523419995734
0.23768832800124073
0.2364917670001887
0.23851241299962567
0.23373161500057904
0.28277725800035114
0.3106137459999445
0.2660306480011059
0.28800236899951415
0.23602788900097948
0.2213106830004108
0.2943601729984948
0.2311567050001031
0.24528495899903646
0.2477707290017861
0.3989191370001208
0.2821717769984389
0.2450249289995554
0.24465360100111866
0.23849529799917946
0.24007748599979095
0.3037259520006046
0.27121249599986186
0.2513362159988901
0.25040422700112686
0.25490123400049924
0.2704963410014898
0.23422564800057444
0.24928518600063398
0.2789855279988842
0.29913386199950764
0.24513238300096418
0.2989158109994605
0.2424215440005355
0.2531484820010519
0.19221976199878554
0.32595348299946636
0.25175659300111874
0.26078267999946547
0.4153844680004113
0.5480534080015786
0.2515874889995757
0.22930728800020006
0.19815642600042338
0.26777935000063735
0.22137615500105312
0.27813540600072884
0.2601849000002403
0.5571884900000441
0.47857609300081094
0.4226118349997705
0.420620468999914
0.4377159870000469
0.44752140099990356
0.4665834730003553
0.4855779529989377
0.43762294099906285
0.35394872299912095
0.38416895100090187
0.5467400930010626
0.40727275899917004
0.4038739080006053
0.7852288069989299
0.4202054939996742
0.46783649700046226
0.2863090979990375
0.40295309300017834
0.49329594900154916
0.7969370129994786
0.36481269799878646
0.30448579599942605
0.2991226510002889
0.24457190899920533
0.22752515000138374
0.2928609070004313
0.19034225699942908
0.2496251909997227
0.2625546999988728
0.2485555920011393
0.2363024480000604
0.23355803300000844
0.23238230599963572
0.27592255899980955
0.31809803000032844
0.24004246599906764
0.22389938200103643
0.26119905399900745
0.2078699260000576
0.41672491600002104
0.3340131980003207
0.41835292100040533
0.4759561169994413
0.4310358249986166
0.3802761309998459
0.43532591100120044
0.45879716200033727
0.475285819000419
0.35351896199972543
0.4308616140006052
0.421999969999888
0.4555519629993796
0.4438486640010524
0.2864885389990377
0.3173391170003015
0.4713389120006468
0.47916977499880886
0.5617497999992338
0.8427346680000483
0.30170097700101906
0.28613958900132275
0.2419104510008765
0.2606343070001458
0.24655338400043547
0.3284181210001407
0.23549492900019686
0.23013756100044702
0.290660377999302
0.2808819099991524
0.2477611899994372
0.2180488409994723
0.22157889600021008
0.24145240700090653
0.23389008099911734
0.2198530089990527
0.28173123900160135
0.9505101559989271
0.45590716600054293
0.5647886200003995
0.43911101399862673
0.4035368570002902
0.46848818700163974
0.4217394070001319
0.4180830950008385
0.4588266089995159
0.33861323800010723
0.43742793100136623
0.4968912289987202
0.5901517229995079
0.43524420100038697
0.33668895000118937
0.5054253489997791
0.3161678549986391
0.449508481000521
0.26557515199965565
0.2772284180009592
0.2530314700015879
0.2111121930010995
0.28709092699864414
0.27118887300093775
0.2241244460001326
0.2462489520003146
0.19882578699980513
0.23140174000036495
0.33782496899948455
0.2136987619996944
0.31356148600025335
0.2758318109990796
0.27955034600017825
0.23958345299979555
0.22720010400007595
0.2377171959997213
0.22804487299981702
0.526036639999802
0.4366311769990716
0.45124448699971254
0.34936908000054245
0.5265232530000503
0.4538056309993408
0.4699874070010992
0.4397576159990422
0.3939550240011158
0.4006492150001577
0.3997630020003271
0.46734362800089
0.6540506119999918
1.0029765279996354
0.4756307879997621
0.34606377799900656
0.4224938850002218
0.3618183369999315
0.24208024100153125
0.24447040199993353
0.2721254640000552
0.26854822400127887
0.5978006109999114
0.28017565899972396
0.2630656719993567
0.22016591900137428
0.29656491599962465
0.22650933400109352
0.263874518999728
0.29287479000049643
0.24831471899960889
0.2162178890012001
0.26811384599932353
0.26317345399911574
0.6756239440001082
0.2688892850001139
0.452554722000059
0.4654895319999923
0.44247171899951354
0.48393280600066646
0.4626378630000545
0.45721286600019084
0.4238315840011637
0.4701279920009256
0.4732341279996035
0.28713208500084875
0.5859040499999537
0.40897220900114917
0.3695862849999685
0.3824460050000198
0.22512680800173257
0.3085366270006489
0.6586872120005864
0.35906845499994233
0.5188702599989483
0.3924682950000715
0.26062788699891826
0.25337781499911216
0.20340642700102762
0.26913313399927574
0.27411074900010135
0.2880394019994128
0.23057596099897637
0.27539827399959904
0.2750022229993192
0.24125005499990948
0.23699632200077758
0.21996727699843177
0.29718029300056514
0.22548422099862364
0.4550169550002465
0.4625082879992988
0.49276017999909527
0.4467482310010382
0.47218915399935213
0.39516922799884924
0.21506298100030108
0.5168199920008192
0.45363290599925676
0.39284086800034856
0.9700633909997123
0.37114392799958296
0.4635723270002927
0.26270816099895455
0.3025422319988138
0.5308434550006496
0.29539417900014087
0.30704752299971005
0.2112069539998629
0.3118351229986729
0.25842457999897306
0.2940966030000709
0.24805489199934527
0.3194107510007598
0.24977698600014264
0.22312972399959108
0.29180486999939603
0.21662408799966215
0.27151978300025803
0.3526918379993731
0.20836598800087813
0.27061110899921914
0.30436892899888335
0.28717890299958526
0.2804177320012968
0.20305623000058404
0.24395760699917446
0.23403930200038303
0.2606375100003788
0.5663937259996601
0.5820332340008463
0.4394470679999358
0.4335418150003534
0.5402371669988497
0.44033132100048533
0.42086341000140237
0.4759495889993559
0.4424775989991758
0.5187773739999102
0.408736722998583
0.43292477399882046
0.513637280999319
0.41962204099945666
0.3625694959991961
0.28395080100017367
0.4152138110002852
0.2442247260005388
0.3177519750006468
0.20184043799963547
0.22860083200066583
0.18161281200082158
0.38454346300022735
0.207565381000677
0.32315310900048644
0.22632020899982308
0.23124340000140364
0.21871313900010136
0.2584115869995003
0.24089528300100937
0.29265246000068146
0.2294665299996268
0.23978931400051806
0.26073017499948037
0.21362513799977023
0.33016637599939713
0.5673959050000121
0.5048013590003393
0.5870509110009152
0.5027922699991905
0.4602067600008013
0.4145495970005868
0.5441628900007345
0.40231176000088453
0.43819161799910944
0.4297887039992929
0.3639622999999119
0.29823104299975967
0.4226379089996044
0.4023488760012697
0.45681908299957286
0.4637934940001287
0.38835422300144273
0.4048536310001509
0.38383028999851376
0.5988583670005028
0.4808830290003243
0.2709041599991906
0.37956713199855585
0.4765169470010733
0.4035302620013681
0.390442265999809
0.29593561200090335
0.20710606799912057
0.21472445399922435
0.27457460799996625
0.3141675960014254
0.2876493650001066
0.24393317800058867
0.2779466309984855
0.309299036000084
0.24609400999906939
0.20076569100092456
0.34106434599925706
0.31337442199946963
0.28693885700158717
0.2387902700011182
0.2664677680004388
0.2962061160014855
0.2642118849998951
0.22519150200059812
0.2192195619991253
0.2766207040003792
0.25953006300005654
0.2622853690008924
0.20571040400136553
0.3270249010001862
0.21957928300071217
0.24736916899928474
0.2171462900005281
0.23376836299939896
0.32934097300130816
0.27432115800002066
0.25022473500030173
0.25801543399938964
0.22758120400067128
0.3051853849992767
0.21556858500116505
0.33504841800095164
0.25250960199991823
0.20080682799925853
0.2805689130000246
0.2519416649993218
0.22523865699986345
0.1837360190002073
0.2284064400009811
0.28582391800046025
0.17897441999957664
0.17959665499984112
0.20608825900126249
0.2636248639992118
0.2466167399998085
0.23525046499889868
0.35772169699885126
0.22189460099980352
0.3023411430003762
1.058624241999496
0.3984950670001126
0.557202028001484
0.4427910489994247
0.4284894530010206
0.5291190899988578
0.4960632940001233
0.50945929000045
0.41148492299907957
0.4911839569995209
0.4776656490012101
0.44276583299870254
0.41591995500129997
0.2984278199983237
0.5557918120011891
0.4881948799993552
0.370086306000303
0.26590300099996966
0.4279226540002128
0.3428311190000386
0.23988566899970465
0.26785877799920854
0.2720595509999839
0.2548457610009791
0.31906724799955555
0.2707022880003933
0.22553009299917903
0.18003475299883576
0.28886660799980746
0.24397570500150323
0.2058198659997288
0.2014939279997634
0.6998840690012003
0.2821330839997245
0.20671972799937066
0.23621967299914104
0.21997031700084335
0.2612682750004751
1.0733160059990041
0.5114906629987672
0.4414208839989442
0.5126128020001488
0.4754961930011632
0.4548931029985397
0.4680074359985156
0.3121807520001312
0.3955343659999926
0.5044341120010358
0.4179134019996127
0.46947262800131284
0.35526967700025125
0.1995538610008225
0.4311741619985696
0.3962466949997179
0.490520256000309
0.28244916500079853
0.3037266199989972
0.4914387499993609
0.5116945669997222
0.3622723530006624
0.3697206320011901
0.3141196510005102
0.23474438499943062
0.6457949440009543
0.45203768800092803
0.4885613070000545
0.4540424469996651
0.5180303300003288
0.45071425899914175
0.3780431489994953
0.43928942999991705
0.35702778499944543
0.38671323099879373
0.4400348679992021
0.4697954439998284
0.42887022099967
0.4168218609993346
0.45737271800135204
0.4458566470002552
0.472707344999435
0.334700604000318
0.3065811610013043
0.34681433600053424
0.5458873809984652
0.6635438819994306
0.48246867899979407
0.3680131290002464
0.5378379819994734
0.38832940999964194
0.3632267890006915
0.22752294900055858
0.18240134100051364
0.29734953600018343
0.22458760799963784
0.20107434199962881
0.25592563200007135
0.2201049499999499
0.21704686900011438
0.2312897650008381
1.0148004709990346
0.4028676970010565
0.4529824050005118
0.4991888380009186
0.4650472310004261
0.4819646020005166
0.4697193529991637
0.4627174599991122
0.4192083360012475
0.4179250340002909
0.45544938599960005
0.44045683100011956
0.4167347319998953
0.34553969700027665
0.5728928210010054
0.3310839700006909
0.3901169420005317
0.4563945480003895
0.38984709400028805
0.41785311399871716
0.44160299099894473
0.433046447000379
0.3239085059994977
0.36326822900082334
0.44396963700091874
0.8718020090000209
0.43395610700099496
0.4069398920000822
0.34068776899948716
0.19262180399891804
0.25801699200019357
0.2957251019997784
0.2137353729995084
0.5145028719998663
0.8536173819993564
0.4183280620000005
0.4810435189992859
0.45373580700106686
0.4118822750006075
0.460701591000543
0.3624462259995198
0.44254051099960634
0.4183529730016744
0.33725682699878234
0.4576240130008955
0.413477337000586
0.5930961619997106
0.262956911999936
0.4992445490006503
0.38623751399973116
0.3501257579991943
0.48072358499848633
0.2909621929993591
0.2170859020006901
0.2625843989990244
0.2286187339996104
0.24999902300078247
0.2765574650002236
0.28109218000099645
0.23081395299959695
0.27359762500054785
0.4267750649996742
0.22286334700038424
0.20521600200117973
0.2693566499983717
0.2669226920006622
0.24933910599975206
0.23814260499966622
0.2349327659994742
0.284148468001149
0.26614570099991397
0.25098788699870056
0.3032380029999331
0.21944477099896176
0.23333533900040493
0.24982500999976764
0.2925818129988329
0.21981160099858243
0.2706157140000869
0.2504574499998853
0.3039290729993809
0.25563658399914857
0.23204653800166852
0.22852797999985341
0.2919935239988263
0.2848820750004961
0.2008321959983732
0.21886431600069045
0.22717632800049614
0.2550209809996886
0.25940684499983035
0.1946366649990523
0.24632923299941467
0.322426914000971
0.2670562710009108
0.2634262139999919
0.30212377899988496
0.2164210449991515
0.23993214900110615
0.28695929900095507
0.24718846699943242
0.3416757820014027
0.27023970399932296
0.191074276001018
0.2800583120006195
0.20585076199859031
0.24940290999984427
0.24885274799999024
1.0191911680012709
0.2688163129987515
0.23783067200020014
0.21708718999980192
0.3100266689998534
0.2552766119988519
0.2029742909999186
0.21687978499903693
0.2924418599995988
0.3313581279999198
0.23292768399915076
0.24045318400021642
0.569928073000483
0.5759564959989802
0.45339919500111137
0.44447217199922306
0.39828084599867
0.4776814220003871
0.4660076849995676
0.518215711999801
0.46752791200015054
0.47588484900006733
0.29972305199953553
0.44824312000127975
0.4211665520015231
0.35071822200006864
0.6624545289996604
0.43758402200001
0.4417368340000394
0.5130525269996724
0.45108357700155466
0.41833060099997965
0.3401896970008238
0.4554163319990039
0.500260580000031
0.29482358600034786
0.2228774909999629
0.2669940800005861
0.28918799299935927
0.22130367399950046
0.2289129149994551
0.31562825400033034
0.22314128600010008
0.3147603370016441
0.23489067099944805
0.28272827999899164
0.24695375800001784
0.30392222100090294
0.27432225099983043
0.30260290099977283
0.29817453699979524
0.27805941900078324
0.23551377799958573
0.23150631800126575
0.24415580599998066
0.26133549000041967
0.23743085299975064
0.2400899570002366
0.28464641099890287
0.2143158750004659
0.22934439500022563
0.23069406699869432
0.21363275200019416
0.2720287209995149
0.19935217000056582
0.250795891000962
0.19688763799968
0.27266230799978075
0.3118629999989935
0.2442425290009851
0.2429031899991969
0.2230827910007065
0.33586711899988586
0.26473759000145947
0.23127423100049782
0.29371802999958163
0.232682346000729
0.2703529800000979
0.3018865989997721
0.25813515499976347
0.2635293069997715
0.2748091400007979
0.23757013300019025
0.251276555000004
0.23458416199900967
0.31375391100118577
0.31474447500113456
0.19348884000100952
0.23927189499954693
0.251690219000011
0.21606826900097076
0.2478444419994048
0.21072822899986932
0.29627723100020376
0.23871493900151108
0.31337636099851807
0.2346721260000777
0.2364069239993114
0.3066666489994532
0.2960376039991388
0.22152025499963202
0.2815972070002317
0.23323667799922987
0.2915734630005318
0.24952870500055724
0.19030811400079983
0.2728598129997408
0.3135397139994893
0.29588955199869815
0.21331524299966986
0.24563585500072804
0.2801727790010773
0.26490998299959756
0.2764465010004642
0.22600639799929922
0.2763562429990998
0.2192278710008395
0.2999529770004301
0.2616153859999031
0.26668030000109866
0.22862900300060573
0.3314715239994257
0.2354657709984167
0.2044129599998996
0.28364183999838133
0.2517542980003782
0.29213970199998585
0.28284060699843394
0.25198514700059604
0.507772221999403
0.6735465399997338
0.261505036998642
0.21957422200102883
0.2324914680011716
0.3157836039990798
0.21410425700014457
0.3556974020011694
0.5685725060011464
0.4216624860000593
0.45837338999990607
0.5217609979990812
0.4422382689990627
0.5026332399993407
0.4985041319996526
0.5220666269997309
0.412011637001342
0.450018325000201
0.39390449799975613
0.4264662400000816
0.6186711369991826
0.43077881000135676
0.5012968680002814
0.4351343040016218
0.37284244500006025
0.4724464249993616
0.7984876210011862
0.2117143199993734
0.3044125529995654
0.24329466299968772
0.5886037470008887
0.25901132699982554
0.2557079510006588
0.25430296400008956
0.18813925300128176
0.2331041510005889
0.2805485629996838
0.36569960999986506
0.26254803400115634
0.26938424599939026
0.24124007399950642
0.36246569699869724
0.46564142200077185
0.5291304929996841
0.449535374998959
0.5785718679999263
0.521533883000302
0.4332876259995828
0.44626833299844293
0.4895652289997088
0.4832583469997189
0.36319352600003185
0.36348182000074303
0.49527465800019854
0.4011958270002651
0.9998309299990069
0.42400269900099374
0.3178917060013191
0.459936999999627
0.3583598160003021
0.34846729999844683
0.68677360699985
0.43665978199896927
0.39308398200046213
0.4272906320002221
0.35588676599945757
0.24709509499916749
0.2693882140010828
0.2315528010003618
0.2539979739995033
0.2925987680009712
0.24837567599934118
0.20870700300110911
0.2304707570001483
0.23796533300082956
0.2696789900001022
0.2629367949994048
0.21509311000045273
0.29507796699908795
0.275988151999627
0.2718416920015443
0.22698371699880227
0.21836981900014507
0.23841332899974077
0.24281804600104806
0.25272128399956273
0.29628412300007767
0.2682494130003761
0.2583490819997678
0.27051083500009554
0.3034643689989025
0.22653214800084243
0.2581400660001236
0.20496639300108654
0.2652905529994314
0.3607465949990001
0.23569056000087585
0.26166477399965515
0.32711999400089553
0.24054956899999524
0.2311058459999913
0.24682012000084796
0.33932607999850006
0.26183406799827935
0.24112247199991543
0.2252707539992116
0.2767469810005423
0.2036166489997413
0.28557437699964794
0.2989675440003339
0.20443741899907764
0.343526226000904
0.26768777200049954
0.20926372400026594
0.21784284499881323
0.3075024449990451
0.2638290689992573
0.36794865899901197
0.21969986499971128
0.23958498799947847
0.26900705700063554
0.24663510599930305
0.2798643230016751
0.25999021800089395
0.2954126910008199
0.22919629200077907
0.3145774149998033
0.5924802379995526
0.545931983000628
0.45630301399978634
0.39383644800000184
0.29227924100086966
0.5143150860003516
0.4232463890002691
0.49684958800025925
0.45054979299857223
0.49445029600065027
0.4136978700007603
0.2322657459990296
0.45859317900067254
0.4269791509996139
0.38073485600034473
0.43536110800050665
0.40440379500068957
0.41124030299943115
0.37544848099969386
0.5156544479996228
0.36356618799982243
0.48709631499878014
0.4268465799996193
0.4302268439987529
0.20041146099902107
0.3528325700008281
0.24669607199939492
0.20716554499995254
0.18146394100040197
0.3493801780005015
0.28144666499974846
0.24969061800038617
0.25987763200100744
0.2217111459995067
0.5903524550012662
0.6314842090014281
0.459942191000664
0.5461321589991712
0.3923803029992996
0.5080154150000453
0.6216812299990124
0.43637939999825903
0.363426507999975
0.3735374669995508
0.45462755900007323
0.31079523700100253
0.3894521109996276
0.41302288500082796
0.4434424819992273
0.3367116919998807
0.4389373030007846
0.5314217490013107
0.29932897800063074
0.2770528210003249
0.3206699580005079
0.23393538399977842
0.25444218699885823
0.2393281829990883
0.24568279000050097
0.2399335299996892
0.20998179900016112
0.20490533000156574
0.2727284000011423
0.2509562579998601
0.2762638849999348
0.23233254799924907
0.22229605199936486
0.21918487800030562
0.32938395000019227
0.30885540700001
0.24020343600022898
0.24575180800093221
0.49818042299921217
0.6562470560002112
0.4560835689990199
0.4307765899993683
0.47731747699981497
0.225083747998724
0.4789511090002634
0.4948301790009282
0.42286690800028737
0.45940281599905575
0.4336787299998832
0.5314508289993682
0.4422762030008016
0.6784029760001431
0.3943640339984995
0.25406911999925796
0.45469752899953164
0.4122733439999138
0.3803477789988392
0.24710600199978217
0.24043304699989676
0.2537747530004708
0.24199938399942766
0.232336328999736
0.33658484799889266
0.2835723379994306
0.21002922799925727
0.2703103359999659
0.22891778799930762
0.2032118309998623
0.23942402100146865
0.3667008940010419
0.2706159810004465
0.30381838500034064
0.24895174499943096
0.9855297799986147
0.22117556700140995
0.41987657100071374
0.4759117369994783
0.42507687299985264
0.23928882000109297
0.4687418619996606
0.30862171099943225
0.33871684899895627
0.5716799330002686
0.39746132399886847
0.4771300419997715
0.47219623799901456
0.25599175299976196
0.4982021750001877
0.2387595660002262
0.2823427969997283
0.23273710500143352
0.2290288629992574
0.27487922000000253
0.2510743000002549
0.21557702900099684
0.2722832639992703
0.2326030330004869
0.27560812099909526
0.20583332599926507
0.21298740599922894
0.23473129099875223
0.23048964599911415
0.24620349599899782
0.2193275489989901
0.2869329210006981
0.26638361799996346
0.27077657600057137
0.32018136300030164
0.2336977270006173
0.28226389100018423
0.2412013779994595
0.2148249259989825
0.27624839400050405
0.262147917999755
0.2262786680003046
0.2565428609996161
0.260709358000895
0.2531284119995689
0.3030250089996116
0.23823023899967666
0.17381280100016738
0.3346723730010126
0.5929892920012207
0.2738195480014838
0.31702485700043326
0.20010369699957664
0.3102017180008261
0.3364988009998342
0.21625002499968105
0.2369523629986361
0.22746747299970593
0.2023564350001834
0.3459167479995813
0.24015307399895391
0.22002769199934846
0.26766314399901603
0.2110988330005057
0.23076620100073342
0.2163536349999049
0.2447271790006198
0.28781647100004193
0.22215380200032087
0.2693887579989678
0.2286318329988717
0.24174142999981996
0.2515898729998298
0.2500964240007306
0.2814252549997036
0.24117182400004822
0.2584668440013047
0.22821829999884358
0.17742415600150707
0.3717713919995731
0.3244982689993776
0.21822602599968377
0.2944847230010055
0.236815033998937
0.6831747129999712
0.7459523170000466
0.2308908489994792
0.5169850049987872
0.41052272699926107
0.4598520700001245
0.4948584949997894
0.4192540320000262
0.5160489409990987
0.42544927000017196
0.4652445749998151
0.4636963119992288
0.38691554499928316
0.3784610889997566
0.9327290559995163
0.3516691599998012
0.4086464680003701
0.41873607600064133
0.4023981200007256
0.4358808010001667
0.4540570170011051
0.407097260998853
0.24741985999935423
0.46845728699918254
0.4134258680005587
0.3378790159986238
0.37559408100059954
0.6029336329993384
0.28033371300080034
0.22019032400021388
0.2793840740014275
0.23498909000045387
0.2474011389986117
0.34309718900112784
0.29509179500018945
0.23673716700068326
0.23394891599855328
0.24538349199974618
0.2237984570001572
0.2646378819990787
0.29504055500001414
0.2281879519996437
0.23292455500086362
0.3105519999990065
0.2663503280000441
0.2588082900001609
0.35448384000119404
0.3008943509994424
0.2222844719999557
0.21537489000002097
0.2585202009995555
0.209021598999243
0.23137749600027746
0.2974242000000231
0.21349801900032617
0.28249493499970413
0.3177069510002184
0.2558754299989232
0.187160085000869
0.2131134490009572
0.3040935629996966
0.2965781340008107
0.2273661639992497
0.2235565350001707
0.2930443530003686
0.22268332099883992
0.2714733739994699
0.2944735809996928
0.23088983500019822
0.25682703200072865
0.26512978600112547
0.21701709800072422
0.24098331299865094
0.20897458199942776
0.25069111000084376
0.2651450270004716
0.17436789299972588
0.3081311360001564
0.24672251800075173
0.2808340080009657
0.2584606469990831
0.25129078999998455
0.24985293200006709
0.22425599200141733
0.2346197269998811
0.24404524700003094
0.2178843860001507
0.33801931500056526
0.26726534199951857
0.20057695899959072
0.2528129980000813
0.32322451199979696
0.2147392860006221
0.33145280400094634
0.2613870830009546
0.44858316899990314
0.2951533909999853
0.2408114090012532
0.3083656899998459
0.22954170099910698
0.2856852960012475
0.2544398160007404
0.26069357200140075
0.299504442999023
0.215884905999701
0.21257017799871392
0.298312695000277
0.24620550600047864
0.2542999850011256
0.2820343870007491
0.26157315599994035
0.2674005999997462
0.26369769099983387
0.23054350699931092
0.23553179299960902
0.27995566699974006
0.18312910699933127
0.2683177960007015
0.27529330300058064
0.19864059000065026
0.2606982209999842
0.3064837660003832
0.2291044100002182
0.2552865679990646
0.364188474999537
0.2754823569994187
0.21124698799940234
0.32471331499982625
0.18556201000137662
0.19223535400124092
0.2713789520003047
0.2065802729994175
0.226118234999376
0.2804680700010067
0.2660376889998588
0.23652702599974873
0.22128950399928726
0.3273343090004346
0.26337347399930877
0.25355689999923925
0.22908213300070202
0.2418440309993457
0.3198185100009141
0.26107988500007195
1.0473011020003469
0.2427699660001963
0.21197629700145626
0.2468230759986909
0.3295766960000037
0.26419415099917387
0.31422661999931734
0.22519228199962527
0.23631573199963896
0.18264728000031027
0.28796429600151896
0.22874106299968844
0.23663480300092488
0.2484090620000643
0.31527716500022507
0.20275649599898316
0.23778342200057523
0.25860328000089794
0.22875395299888623
0.18766421399959654
0.23635697300051106
0.23808964199997718
0.2636378989991499
0.2680034679997334
0.25186012199992547
0.2400810109993472
0.23313561499890056
0.23727698200127634
0.24419610199947783
0.2118836139998166
0.393622587000209
0.31502244700095616
0.22312778400009847
0.2187612710004032
0.30079452700010734
0.2430324839988316
0.23394108899992716
0.27088345999982266
0.2204129030014883
0.4249499760007893
0.5018846519997169
0.1657062570011476
0.3225065620008536
0.23884952399930626
0.29382405599972117
0.23287334099950385
0.3255184959998587
0.27169008199962263
0.23183070199957
0.2271907470003498
0.23246552999989945
0.3090858750001644
0.30114469100044516
0.19142721600110235
0.3346001320005598
0.2715995459984697
0.24020527099855826
0.2684411320005893
0.2848110689992609
0.32399341900054424
0.22962979699877906
0.2489452429999801
0.2952813590000005
0.27825102099996
0.21885888100041484
0.2288644349991955
0.37141126500137034
0.24774166300085199
0.2309579520006082
0.23299545099871466
0.27775137800017546
0.24067954499878397
0.3213451850006095
0.2662928940007987
0.5981634050003777
0.3024455869999656
0.2697303240001929
0.2379664780000894
0.2270086939988687
0.38654699200014875
0.26192586199977086
0.24222358699989854
0.2500106780007627
0.27805481999894255
0.24355274099980306
0.28891468000074383
0.2200703890011937
0.19752978900032758
0.31742837199999485
0.30929557799936447
0.25658856100017147
0.2611444619997201
0.28972520899878873
0.27929827099978866
0.25138986999991175
0.21503762300017115
0.2931973979993927
0.2461574009994365
0.23893941400092444
0.2505116560005263
0.23394059199927142
0.30097247300000163
0.24941220300024725
0.20555071300077543
0.25509594599861884
0.2905743869996513
0.3684609060001094
0.21101742000064405
0.2565738760004024
0.22502080599952023
0.3276198870007647
0.2804055399992649
0.20654051899873593
0.30418794300021545
0.2962300190010865
0.17806080400077917
0.3359366240001691
0.20538815399959276
0.2529335010003706
0.20130197400067118
0.24293256900091365
0.2569533630012302
0.23450776999925438
0.3118409700000484
0.2770376549997309
0.23872444799962977
0.529369713000051
0.2136024739993445
0.23478992499985907
0.23837385099977837
0.2165903189998062
0.3296965139998065
0.23109495800053992
0.28206208899973717
0.2622870770010195
0.38064502799898037
0.24150741199991899
0.23960938699929102
0.2536095279992878
0.21543905500038818
0.27501287500126637
0.2544840330010629
0.27186739499848045
0.24763556900143158
0.26950675300031435
0.20270258900018234
0.23006116800024756
0.2860088100005669
0.3994521700005862
0.2518714899997576
0.2560933219992876
0.24335261899977922
0.3106308730002638
0.2666704610001034
0.2510245360008412
0.25813590899997507
0.25260645500020473
0.2364172530014912
0.2467810529997223
0.2318247599996539
0.2620294069984084
0.2994973539989587
0.2682441060005658
0.30286817900014285
0.29247485300038534
0.9757656999991013
0.30423971400159644
0.23785641200083774
0.28583343399986916
0.3258126340006129
0.23720163599864463
0.2513868250007363
0.29316154299885966
0.2810939219998545
0.21353964700028882
0.28776737800035335
0.29328411599999527
0.2047421890001715
0.18972836499960977
0.31804486999863
0.35136815199984994
0.2169323610014544
0.3277970360013569
0.18751993800105993
0.3319536369999696
0.2783438420010498
0.3504865190006967
0.2563572170001862
0.25788749099956476
0.29226765900057217
0.2570179630001803
0.24258012499922188
0.3495741500009899
0.2493992799991247
0.28754659299920604
0.18988330599859182
0.25267015600002196
0.30344422699999996
0.19577640699935728
0.2617517549988406
0.3183212490002916
0.20294535800167068
0.25432679500045197
0.23820677399999113
0.3110030210009427
0.2636196330004168
0.3029876979999244
0.2489281279995339
0.3011179479999555
0.2836937970005238
0.19861360499999137
0.23186550200080092
0.28404361400134803
0.23847425100029795
0.1931778710004437
0.2845851749989379
0.27409154400083935
0.29487512500054436
0.25182252500053437
0.23464134200003173
0.21573352999985218
0.29328131200054486
0.25690643199959595
0.19003999199958344
0.2353258379989711
0.24138866500106815
0.2876362140013953
0.2273700360001385
0.6043622840006719
0.3251839589993324
0.27966075599942997
0.23227985199991963
0.1900707799995871
0.18657166799857805
0.25724014200022793
0.1610351420004008
0.231586113000958
0.24642161799965834
0.28852241999993566
0.15770519000034255
0.23823824299870466
0.1390034759988339
0.18095514699962223
0.19285746999958064
0.16926702099954127
0.319548923000184
0.16544861200054584
0.26294047699957446
0.12575052799911646
0.15367891099958797
0.1544051490000129
0.19852962900040438
0.1605299559996638
0.22256839999863587
0.14991947999988042
0.23966548899988993
0.21968498599926534
0.152510859999893
0.3363778889997775
0.14360972800022864
0.26291921399933926
0.2877230280009826
0.2580146780001087
0.3694414660003531
0.21391866900012246
0.42544483599886007
0.15256356299869367
0.18585464599891566
0.2779180580000684
0.15075015600086772
1.235350210001343
0.40766110500044306
3.119216328999755
0.3039943410003616
1.8398299579985178
1.9373074840004847
0.4232941419995768
0.18574098399949435
0.18826669299960486
0.17367436200038355
0.22795650100124476
0.4677749459988263
0.6761446979999164
0.4645499620000919
0.3134180399993056
0.32971999799883633
0.2503937349993066
0.36791013199945155
4.049719626000297
0.5423812699991686
0.46808701699956146
0.5834498089989211
0.4089230259996839
0.33230480199927115
0.2240288410011999
0.5168813560012495
0.3766455959994346
0.3391446719997475
0.20932692300084454
0.16308083500007342
0.1516608849997283
0.46582979999948293
0.16424325600019074
0.3838949689998117
0.5163239840003371
0.5185451010001998
0.3064304750005249
0.15958827699978428
0.4669402640010958
0.43916574099966965
0.5396726779999881
0.32698267200066766
0.3945033960008004
0.5653812769996875
0.3519471879990306
1.4574722749985085
0.43874842200057174
0.2305337830002827
0.44421084100031294
1.0029139849993953
0.9750053049992857
0.4406642149988329
0.6654874800005928
0.5001866479997261
0.3951573180002015
0.4056769649996568
0.6392832910005382
2.634984442998757
0.3599482409990742
0.30176701299933484
0.14974931300093886
0.20018855200032704
0.4719683900002565
0.395269715001632
0.4020455629997741
0.4463300520001212
0.26807488200029184
0.16292188999977952
0.2506828370005678
0.7443612440001743
0.37823985899922263
0.3740004270002828
0.19215595199966629
0.4126395919993229
0.5050900249989354
0.23357273599867767
0.25899571999980253
0.38532647300053213
1.1681224349995318
0.7300922440008435
0.45418593300018983
0.5216325680012233
1.212021650000679
0.4175452060007956
2.3939743139999337
0.3304845660004503
0.3663576360013394
0.43607842100027483
0.43865967400051886
0.34841981300087355
0.36036787400007597
0.3034873119995609
0.43298064499867905
0.2712985950001894
0.3978837739996379
0.5130589689997578
0.26996400600000925
0.4518755080007395
0.4096695580010419
0.34952283699931286
0.17270078799992916
0.387461746999179
0.22106631200040283
0.3639006760004122
0.44181892099913966
0.3251514780004072
5.332453173999966
5.587989334000667
0.3580663299999287
0.42862765899917576
0.34776662300100725
0.4271107470012794
1.77282412599925
4.822495366999647
3.097919495001406
0.3674506450006447
0.3533405349990062
0.44402509099927556
0.4280935030001274
7.576885475000381
0.36408282699994743
0.23143808100030583
0.4369177029984712
0.19738071000028867
0.5529838490001566
0.32670288600093045
4.647407112999645
1.153472686999521
0.34929362000002584
1.2483609129994875
0.5267900719991303
2.6747190540008887
4.305448225999498
0.6225913600010244
0.4165173250003136
7.150388005999048
0.37902872700033186
0.37545159500041336
0.5868410260009114
1.7123378539999976
5.137439486999938
5.247130564001054
0.36887823799952457
0.3396234829997411
6.637896508998892
5.428195737998976
0.42794738900011
2.944424176999746
0.4111229359987192
3.7154852080002456
0.37706947500009846
0.7311866010004451
0.727135780000026
0.7786303329994553
3.0641618959998596
0.7933069769987924
0.7047205210001266
0.7729781929992896
1.1985260809997271
0.22928919900004985
0.35361851299967384
1.0544840729999123
2.437182505000237
0.43568173899984686
0.7247331710004801
3.5005182699987927
0.450915833000181
2.5553450229999726
0.5252458740014845
0.3030692430002091
1.7015129459996388
3.045553972999187
1.5497422700009338
3.743779329000972
0.5541632280001068
0.48386840500097605
5.115734250000969
4.549984195000434
1.7990782500000932
1.2547625110000808
0.40655572800096706
0.33104489900142653
0.6048441090006236
4.566200031000335
0.4210616350010241
0.5405932869998651
0.6186978770001588
6.191923513999427
4.070897310999499
6.19561329499993
0.7908500840003398
0.43427602700103307
1.3147445869999501
1.233623895999699
4.600274603000798
0.648012817999188
3.2595915969995986
0.4543681449995347
0.489879701000973
0.40587228599906666
0.4088379979984893
5.794805444998929
0.46717379599976994
1.9473187510011485
0.25242804499976046
5.358002750999731
0.644116863999443
0.6223808590002591
0.4745307260000118
0.3290438029998768
0.3736938790007116
0.31170104800003173
0.16309337399979995
0.17006226400008018
0.1806979209995916
0.31949246500153095
6.285940824000136
0.7693047510001634
0.6256727580002917
0.20542344199930085
0.46357198400073685
4.810516030000144
3.874466728000698
0.4087037039989809
6.85179640700153
5.233184638998864
2.8195284369994624
5.0458579619989905
6.899325066999154
0.48680897099984577
0.9891218119992118
5.78469227199821
0.3054745700010244
5.806859073998567
3.102557727999738
0.5893613400003233
0.43868983600077627
0.33022136600084195
0.5731456490011624
2.3254286390001653
3.1100295989999722
4.255604217001746
1.8945081220008433
0.6963868899983936
0.5347297180014721
0.385412338999231
15.436814299000616
0.45464302000073076
0.7835110840005655
